#
# There is insufficient memory for the Java Runtime Environment to continue.
# Native memory allocation (malloc) failed to allocate 1048576 bytes for AllocateHeap
# Possible reasons:
#   The system is out of physical RAM or swap space
#   In 32 bit mode, the process size limit was hit
# Possible solutions:
#   Reduce memory load on the system
#   Increase physical memory or swap space
#   Check if swap backing store is full
#   Use 64 bit Java on a 64 bit OS
#   Decrease Java heap size (-Xmx/-Xms)
#   Decrease number of Java threads
#   Decrease Java thread stack sizes (-Xss)
#   Set larger code cache with -XX:ReservedCodeCacheSize=
# This output file may be truncated or incomplete.
#
#  Out of Memory Error (memory/allocation.inline.hpp:61), pid=9888, tid=10768
#
# JRE version:  (7.0_80-b15) (build )
# Java VM: Java HotSpot(TM) 64-Bit Server VM (24.80-b11 mixed mode windows-amd64 compressed oops)
# Failed to write core dump. Minidumps are not enabled by default on client versions of Windows
#

---------------  T H R E A D  ---------------

Current thread (0x0000000002300800):  JavaThread "Unknown thread" [_thread_in_vm, id=10768, stack(0x0000000002200000,0x0000000002300000)]

Stack: [0x0000000002200000,0x0000000002300000]

---------------  P R O C E S S  ---------------

Java Threads: ( => current thread )

Other Threads:

=>0x0000000002300800 (exited) JavaThread "Unknown thread" [_thread_in_vm, id=10768, stack(0x0000000002200000,0x0000000002300000)]

VM state:not at safepoint (normal execution)

VM Mutex/Monitor currently owned by a thread: None

Heap
 PSYoungGen      total 37376K, used 645K [0x00000000eaa80000, 0x00000000ed400000, 0x0000000100000000)
  eden space 32256K, 2% used [0x00000000eaa80000,0x00000000eab214d0,0x00000000eca00000)
  from space 5120K, 0% used [0x00000000ecf00000,0x00000000ecf00000,0x00000000ed400000)
  to   space 5120K, 0% used [0x00000000eca00000,0x00000000eca00000,0x00000000ecf00000)
 ParOldGen       total 84992K, used 0K [0x00000000c0000000, 0x00000000c5300000, 0x00000000eaa80000)
  object space 84992K, 0% used [0x00000000c0000000,0x00000000c0000000,0x00000000c5300000)
 PSPermGen       total 21504K, used 697K [0x00000000bae00000, 0x00000000bc300000, 0x00000000c0000000)
  object space 21504K, 3% used [0x00000000bae00000,0x00000000baeae5c8,0x00000000bc300000)

Card table byte_map: [0x00000000054c0000,0x00000000056f0000] byte_map_base: 0x0000000004ee9000

Polling page: 0x0000000000510000

Code Cache  [0x0000000002400000, 0x0000000002670000, 0x0000000005400000)
 total_blobs=38 nmethods=0 adapters=20 free_code_cache=48889Kb largest_free_block=50062528

Compilation events (0 events):
No events

GC Heap History (0 events):
No events

Deoptimization events (0 events):
No events

Internal exceptions (0 events):
No events

Events (10 events):
Event: 0.021 loading class 0x0000000002345dc0
Event: 0.021 loading class 0x0000000002345dc0 done
Event: 0.021 loading class 0x0000000002345e10
Event: 0.021 loading class 0x0000000002345e10 done
Event: 0.021 loading class 0x0000000002345e60
Event: 0.021 loading class 0x0000000002345e60 done
Event: 0.021 loading class 0x0000000002346be0
Event: 0.021 loading class 0x0000000002346be0 done
Event: 0.021 loading class 0x0000000002346800
Event: 0.021 loading class 0x0000000002346800 done


Dynamic libraries:
0x00007ff795890000 - 0x00007ff7958c3000 	X:\Java\bin\java.exe
0x00007fff3e3d0000 - 0x00007fff3e591000 	C:\WINDOWS\SYSTEM32\ntdll.dll
0x00007fff3d8d0000 - 0x00007fff3d97d000 	C:\WINDOWS\system32\KERNEL32.DLL
0x00007fff3ac30000 - 0x00007fff3ae18000 	C:\WINDOWS\system32\KERNELBASE.dll
0x00007fff3bf20000 - 0x00007fff3bfc7000 	C:\WINDOWS\system32\ADVAPI32.dll
0x00007fff3da20000 - 0x00007fff3dabd000 	C:\WINDOWS\system32\msvcrt.dll
0x00007fff3d870000 - 0x00007fff3d8cb000 	C:\WINDOWS\system32\sechost.dll
0x00007fff3c1f0000 - 0x00007fff3c30c000 	C:\WINDOWS\system32\RPCRT4.dll
0x00007fff3c090000 - 0x00007fff3c1e6000 	C:\WINDOWS\system32\USER32.dll
0x00007fff3bd80000 - 0x00007fff3bf06000 	C:\WINDOWS\system32\GDI32.dll
0x00007fff33b70000 - 0x00007fff33de4000 	C:\WINDOWS\WinSxS\amd64_microsoft.windows.common-controls_6595b64144ccf1df_6.0.10586.0_none_8c15ae12515e1c22\COMCTL32.dll
0x00007fff3ba50000 - 0x00007fff3bccd000 	C:\WINDOWS\system32\combase.dll
0x00007fff3aa80000 - 0x00007fff3aaea000 	C:\WINDOWS\system32\bcryptPrimitives.dll
0x00007fff3dc20000 - 0x00007fff3dc5b000 	C:\WINDOWS\system32\IMM32.DLL
0x000000005aa10000 - 0x000000005aae2000 	X:\Java\jre\bin\msvcr100.dll
0x000000005aaf0000 - 0x000000005b2c9000 	X:\Java\jre\bin\server\jvm.dll
0x00007fff3bf10000 - 0x00007fff3bf18000 	C:\WINDOWS\system32\PSAPI.DLL
0x00007fff342f0000 - 0x00007fff34313000 	C:\WINDOWS\SYSTEM32\WINMM.dll
0x00007fff2e8e0000 - 0x00007fff2e8e9000 	C:\WINDOWS\SYSTEM32\WSOCK32.dll
0x00007fff3d980000 - 0x00007fff3d9eb000 	C:\WINDOWS\system32\WS2_32.dll
0x00007fff341f0000 - 0x00007fff3421c000 	C:\WINDOWS\SYSTEM32\WINMMBASE.dll
0x00007fff3aaf0000 - 0x00007fff3ab33000 	C:\WINDOWS\system32\cfgmgr32.dll
0x000000005c7e0000 - 0x000000005c7ef000 	X:\Java\jre\bin\verify.dll
0x000000005c7b0000 - 0x000000005c7d8000 	X:\Java\jre\bin\java.dll
0x000000005c790000 - 0x000000005c7a6000 	X:\Java\jre\bin\zip.dll

VM Arguments:
jvm_args: -Djava.awt.headless=true -Xmx1024M -Dfile.encoding=windows-1252 -Duser.country=CA -Duser.language=en -Duser.variant 
java_command: com.android.dx.command.Main --dex --num-threads=4 --output X:\AndroidApps\as1\app\build\intermediates\pre-dexed\debug\debug_f31242f5b56d112677fc56696a288a663493b718.jar X:\AndroidApps\as1\app\build\intermediates\classes\debug
Launcher Type: SUN_STANDARD

Environment Variables:
PATH=C:\Windows\system32;C:\Windows;C:\Windows\System32\Wbem;C:\Windows\System32\WindowsPowerShell\v1.0\;X:\Calibre\;C:\Program Files\Microsoft SQL Server\110\Tools\Binn\;C:\Program Files (x86)\Git\cmd;C:\Program Files (x86)\QuickTime\QTSystem\;X:\Vagrant\bin;C:\Program Files (x86)\NVIDIA Corporation\PhysX\Common;C:\WINDOWS\system32;C:\WINDOWS;C:\WINDOWS\System32\Wbem;C:\WINDOWS\System32\WindowsPowerShell\v1.0\;C:\Users\MJ Alba\AppData\Local\.meteor;C:\Users\MJ Alba\AppData\Local\.meteor\;C:\Users\MJ Alba\AppData\Local\atom\bin
USERNAME=MJ Alba
OS=Windows_NT
PROCESSOR_IDENTIFIER=Intel64 Family 6 Model 60 Stepping 3, GenuineIntel



---------------  S Y S T E M  ---------------

OS: Windows 8.1 , 64 bit Build 9600 

CPU:total 4 (4 cores per cpu, 1 threads per core) family 6 model 60 stepping 3, cmov, cx8, fxsr, mmx, sse, sse2, sse3, ssse3, sse4.1, sse4.2, popcnt, avx, avx2, aes, erms, tsc, tscinvbit

Memory: 4k page, physical 8155256k(829952k free), swap 22705140k(5748k free)

vm_info: Java HotSpot(TM) 64-Bit Server VM (24.80-b11) for windows-amd64 JRE (1.7.0_80-b15), built on Apr 10 2015 11:26:34 by "java_re" with unknown MS VC++:1600

time: Mon Feb 01 06:27:00 2016
elapsed time: 0 seconds

